2020-1-21 21:20:17 web server running on port 7480
2020-1-21 21:22:42 web server running on port 7480
2020-1-21 21:24:35 web server running on port 7480
2020-1-21 21:27:16 web server running on port 7480
2020-1-21 21:27:29 web server running on port 7480
2020-1-21 21:30:07 web server running on port 7480
2020-1-21 21:30:09 web server running on port 7480
2020-1-21 22:02:54 web server running on port 7480
2020-1-21 22:03:05 страница, urlcode=undefined
2020-1-21 22:03:48 web server running on port 7480
2020-1-21 22:03:48 страница, urlcode=undefined
2020-1-21 22:04:12 web server running on port 7480
2020-1-21 22:04:16 страница, urlcode=main-page
2020-1-21 22:04:18 страница, urlcode=main-page
2020-1-21 22:04:28 web server running on port 7480
2020-1-21 22:04:28 страница, urlcode=main-page
2020-1-21 22:04:34 web server running on port 7480
2020-1-21 22:04:58 web server running on port 7480
2020-1-21 22:04:59 страница, urlcode= main-page
2020-1-21 22:05:00 страница, urlcode= main-page
2020-1-21 22:05:16 web server running on port 7480
2020-1-21 22:05:17 страница, urlcode= main-page
2020-1-21 22:06:25 web server running on port 7480
2020-1-21 22:06:50 web server running on port 7480
2020-1-21 22:08:48 web server running on port 7480
2020-1-21 22:09:08 страница, urlcode= main-page
2020-1-21 22:09:49 web server running on port 7480
2020-1-21 22:09:49 страница, urlcode= main-page
2020-1-21 22:09:56 web server running on port 7480
2020-1-21 22:10:01 страница, urlcode= main-page
2020-1-21 22:10:40 web server running on port 7480
2020-1-21 22:10:40 страница, urlcode= main-page
2020-1-21 22:11:02 web server running on port 7480
2020-1-21 22:11:10 страница, urlcode= main-page
2020-1-21 22:12:51 web server running on port 7480
2020-1-21 22:12:51 страница, urlcode= main-page
2020-1-21 22:13:33 web server running on port 7480
2020-1-21 22:13:37 страница, urlcode= main-page
2020-1-21 22:14:36 web server running on port 7480
2020-1-21 22:14:36 страница, urlcode= main-page
2020-1-21 22:14:37 web server running on port 7480
2020-1-21 22:14:52 web server running on port 7480
2020-1-21 22:14:59 web server running on port 7480
2020-1-21 22:15:08 страница, urlcode= main-page
2020-1-21 22:17:08 страница, urlcode= main-page
2020-1-21 22:18:22 web server running on port 7480
2020-1-21 22:19:11 web server running on port 7480
2020-1-21 22:20:24 web server running on port 7480
2020-1-21 22:20:50 web server running on port 7480
2020-1-21 22:21:18 web server running on port 7480
2020-1-21 22:22:03 web server running on port 7480
2020-1-21 22:22:13 web server running on port 7480
2020-1-21 23:00:26 web server running on port 7480
2020-1-21 23:00:30 страница, urlcode = main-page
2020-1-21 23:02:30 страница, urlcode = main-page
2020-1-21 23:03:25 web server running on port 7480
2020-1-21 23:03:27 web server running on port 7480
2020-1-21 23:03:40 страница, urlcode = main-page
2020-1-21 23:04:11 web server running on port 7480
2020-1-21 23:04:11 страница, urlcode = main-page
2020-1-21 23:04:17 web server running on port 7480
2020-1-21 23:04:45 web server running on port 7480
2020-1-21 23:05:10 web server running on port 7480
2020-1-21 23:05:14 web server running on port 7480
2020-1-21 23:05:37 страница, urlcode = main-page
2020-1-21 23:07:37 страница, urlcode = main-page
2020-1-21 23:31:09 страница, urlcode = main-page
2020-1-22 08:11:39 web server running on port 7480
2020-1-23 21:01:18 страница, urlcode = main-page
2020-1-23 21:08:32 web server running on port 7480
2020-1-23 21:09:27 web server running on port 7480
2020-1-23 21:09:34 web server running on port 7480
2020-1-23 21:11:00 web server running on port 7480
2020-1-23 21:23:33 web server running on port 7480
2020-1-23 21:26:46 web server running on port 7480
2020-1-23 21:29:27 web server running on port 7480
2020-1-23 21:29:43 web server running on port 7480
2020-1-23 21:31:31 web server running on port 7480
2020-1-23 21:31:55 страница, urlcode = main-page
2020-1-23 21:32:23 web server running on port 7480
2020-1-23 21:32:25 страница, urlcode = main-page
2020-1-23 21:32:27 страница, urlcode = main-page
2020-1-23 21:32:59 web server running on port 7480
2020-1-23 21:32:59 страница, urlcode = main-page
2020-1-23 21:33:17 web server running on port 7480
2020-1-23 21:33:21 страница, urlcode = main-page
2020-1-23 21:33:22 страница, urlcode = main-page
2020-1-23 21:33:45 web server running on port 7480
2020-1-23 21:33:45 страница, urlcode = main-page
2020-1-23 21:33:55 web server running on port 7480
2020-1-23 21:33:59 страница, urlcode = main-page
2020-1-23 21:34:15 web server running on port 7480
2020-1-23 21:34:15 страница, urlcode = main-page
2020-1-23 21:34:27 web server running on port 7480
2020-1-23 21:34:43 страница, urlcode = main-page
2020-1-23 21:35:36 web server running on port 7480
2020-1-23 21:35:36 страница, urlcode = main-page
2020-1-23 21:36:25 web server running on port 7480
2020-1-23 21:36:42 web server running on port 7480
2020-1-23 21:36:45 страница, urlcode = main-page
2020-1-23 21:36:46 индивидуальная страница не найдена, urlcode =main-page
2020-1-23 21:37:11 web server running on port 7480
2020-1-23 21:37:13 страница, urlcode = main-page
2020-1-23 21:37:13 индивидуальная страница не найдена, urlcode =main-page
2020-1-23 21:37:48 web server running on port 7480
2020-1-23 21:37:52 страница, urlcode = main-page
2020-1-23 21:38:06 web server running on port 7480
2020-1-23 21:38:30 web server running on port 7480
2020-1-23 21:38:38 web server running on port 7480
2020-1-23 21:38:46 web server running on port 7480
2020-1-23 21:38:54 web server running on port 7480
2020-1-23 21:39:47 web server running on port 7480
2020-1-23 21:40:19 web server running on port 7480
2020-1-23 21:40:22 web server running on port 7480
2020-1-23 21:40:33 web server running on port 7480
2020-1-23 21:40:46 web server running on port 7480
2020-1-23 21:40:52 web server running on port 7480
2020-1-23 21:41:06 web server running on port 7480
2020-1-23 21:41:37 web server running on port 7480
2020-1-23 21:41:48 web server running on port 7480
2020-1-23 21:42:53 web server running on port 7480
2020-1-23 21:43:30 web server running on port 7480
2020-1-23 21:43:51 web server running on port 7480
2020-1-23 21:44:04 web server running on port 7480
2020-1-23 21:44:09 страница, urlcode = main-page
2020-1-23 21:44:26 web server running on port 7480
2020-1-23 21:44:34 web server running on port 7480
2020-1-23 21:45:18 web server running on port 7480
2020-1-23 21:45:22 страница, urlcode = main-page
2020-1-23 21:45:44 web server running on port 7480
2020-1-23 21:45:45 страница, urlcode = main-page
2020-1-23 21:45:47 страница, urlcode = main-page
2020-1-23 21:46:13 web server running on port 7480
2020-1-23 21:46:13 страница, urlcode = main-page
2020-1-23 21:48:38 web server running on port 7480
2020-1-23 21:48:42 страница, urlcode = main-page
2020-1-23 21:50:42 страница, urlcode = main-page
2020-1-23 21:51:09 web server running on port 7480
2020-1-23 21:51:16 страница, urlcode = main-page
2020-1-23 21:51:35 web server running on port 7480
2020-1-23 21:51:35 страница, urlcode = main-page
2020-1-23 21:51:57 web server running on port 7480
2020-1-23 21:52:01 страница, urlcode = main-page
2020-1-23 21:52:12 web server running on port 7480
2020-1-23 21:52:12 страница, urlcode = main-page
2020-1-23 21:52:57 web server running on port 7480
2020-1-23 21:52:59 страница, urlcode = main-page
2020-1-23 21:53:35 web server running on port 7480
2020-1-23 21:53:35 страница, urlcode = main-page
2020-1-23 21:53:41 web server running on port 7480
2020-1-23 21:59:25 web server running on port 7480
2020-1-23 21:59:29 web server running on port 7480
2020-1-23 21:59:33 web server running on port 7480
2020-1-23 21:59:44 страница, urlcode = main-page
2020-1-23 21:59:51 web server running on port 7480
2020-1-23 22:00:32 web server running on port 7480
2020-1-23 22:00:37 web server running on port 7480
2020-1-23 22:00:41 страница, urlcode = main-page
2020-1-23 22:03:14 web server running on port 7480
2020-1-23 22:03:38 web server running on port 7480
2020-1-23 22:06:00 web server running on port 7480
2020-1-23 22:06:09 web server running on port 7480
2020-1-23 22:07:10 web server running on port 7480
2020-1-23 22:07:14 страница, urlcode = main-page
2020-1-23 22:07:57 web server running on port 7480
2020-1-23 22:08:00 страница, urlcode = main-page
2020-1-23 22:08:21 web server running on port 7480
2020-1-23 22:08:24 страница, urlcode = main-page
2020-1-23 22:08:38 web server running on port 7480
2020-1-23 22:08:41 страница, urlcode = main-page
2020-1-23 22:08:49 web server running on port 7480
2020-1-23 22:08:52 страница, urlcode = main-page
2020-1-23 22:09:17 web server running on port 7480
2020-1-23 22:09:25 web server running on port 7480
2020-1-23 22:09:26 страница, urlcode = main-page
2020-1-23 22:09:34 web server running on port 7480
2020-1-23 22:09:41 web server running on port 7480
2020-1-23 22:11:23 web server running on port 7480
2020-1-23 22:11:28 web server running on port 7480
2020-1-23 22:12:42 web server running on port 7480
2020-1-23 22:12:44 web server running on port 7480
2020-1-23 22:13:07 web server running on port 7480
2020-1-23 22:13:26 web server running on port 7480
2020-1-23 22:13:32 страница, urlcode = main-page
2020-1-23 22:14:53 web server running on port 7480
2020-1-23 22:14:53 страница, urlcode = main-page
2020-1-23 22:15:03 web server running on port 7480
2020-1-23 22:15:04 страница, urlcode = main-page
2020-1-23 22:15:06 страница, urlcode = main-page
2020-1-23 22:15:14 web server running on port 7480
2020-1-23 22:15:14 страница, urlcode = main-page
2020-1-23 22:15:30 web server running on port 7480
2020-1-23 22:15:32 страница, urlcode = main-page
2020-1-23 22:15:52 web server running on port 7480
2020-1-23 22:15:52 страница, urlcode = main-page
2020-1-23 22:16:33 web server running on port 7480
2020-1-23 22:16:34 web server running on port 7480
2020-1-23 22:16:37 страница, urlcode = main-page
2020-1-23 22:17:14 web server running on port 7480
2020-1-23 22:17:14 страница, urlcode = main-page
2020-1-23 22:17:24 web server running on port 7480
2020-1-23 22:18:01 web server running on port 7480
2020-1-23 22:18:06 страница, urlcode = main-page
2020-1-23 22:18:24 web server running on port 7480
2020-1-23 22:18:24 страница, urlcode = main-page
2020-1-23 22:20:49 web server running on port 7480
2020-1-23 22:21:17 web server running on port 7480
2020-1-23 22:21:19 страница, urlcode = main-page
2020-1-23 22:22:13 web server running on port 7480
2020-1-23 22:22:13 страница, urlcode = main-page
2020-1-23 22:22:26 web server running on port 7480
2020-1-23 22:22:41 web server running on port 7480
2020-1-23 22:22:41 страница, urlcode = main-page
2020-1-23 22:23:06 web server running on port 7480
2020-1-23 22:23:06 страница, urlcode = main-page
2020-1-23 22:23:08 страница, urlcode = main-page
2020-1-23 22:23:10 страница, urlcode = main-page
2020-1-23 22:23:33 web server running on port 7480
2020-1-23 22:23:33 страница, urlcode = main-page
2020-1-23 22:23:35 страница, urlcode = main-page
2020-1-23 22:23:58 web server running on port 7480
2020-1-23 22:23:58 страница, urlcode = main-page
2020-1-23 22:24:12 web server running on port 7480
2020-1-23 22:25:05 web server running on port 7480
2020-1-23 22:25:08 страница, urlcode = main-page
2020-1-23 22:25:09 страница, urlcode = main-page
2020-1-23 22:26:04 web server running on port 7480
2020-1-23 22:26:04 страница, urlcode = main-page
2020-1-23 22:26:09 страница, urlcode = main-page
2020-1-23 22:26:18 web server running on port 7480
2020-1-23 22:26:18 страница, urlcode = main-page
2020-1-23 22:26:26 web server running on port 7480
2020-1-23 22:27:13 web server running on port 7480
2020-1-23 22:27:26 web server running on port 7480
2020-1-23 22:27:27 страница, urlcode = main-page
2020-1-23 22:27:28 страница, urlcode = main-page
2020-1-23 22:28:04 web server running on port 7480
2020-1-23 22:28:04 страница, urlcode = main-page
2020-1-23 22:28:15 web server running on port 7480
2020-1-23 22:28:18 страница, urlcode = main-page
2020-1-23 22:28:29 web server running on port 7480
2020-1-23 22:28:29 страница, urlcode = main-page
2020-1-23 22:29:35 web server running on port 7480
2020-1-23 22:29:38 страница, urlcode = main-page
2020-1-23 22:29:48 web server running on port 7480
2020-1-23 22:29:48 страница, urlcode = main-page
2020-1-23 22:30:25 web server running on port 7480
2020-1-23 22:30:51 web server running on port 7480
2020-1-23 22:30:54 страница, urlcode = main-page
2020-1-23 22:31:27 web server running on port 7480
2020-1-23 22:31:27 страница, urlcode = main-page
2020-1-23 22:31:32 страница, urlcode = main-page
2020-1-23 22:31:47 web server running on port 7480
2020-1-23 22:31:47 страница, urlcode = main-page
2020-1-23 22:31:57 web server running on port 7480
2020-1-23 22:32:02 web server running on port 7480
2020-1-23 22:34:34 web server running on port 7480
2020-1-23 22:34:36 страница, urlcode = main-page
2020-1-23 22:35:24 web server running on port 7480
2020-1-23 22:35:24 страница, urlcode = main-page
2020-1-23 22:35:34 web server running on port 7480
2020-1-23 22:35:35 web server running on port 7480
2020-1-23 22:36:22 web server running on port 7480
2020-1-23 22:36:24 страница, urlcode = main-page
2020-1-23 22:38:36 web server running on port 7480
2020-1-23 22:38:41 web server running on port 7480
2020-1-23 22:39:09 web server running on port 7480
2020-1-23 22:39:13 web server running on port 7480
2020-1-23 22:39:17 web server running on port 7480
2020-1-23 22:39:26 web server running on port 7480
2020-1-23 22:39:33 web server running on port 7480
2020-1-23 22:39:48 web server running on port 7480
2020-1-23 22:39:55 web server running on port 7480
2020-1-23 22:40:04 web server running on port 7480
2020-1-23 22:41:08 web server running on port 7480
2020-1-23 22:41:37 web server running on port 7480
2020-1-23 22:45:17 web server running on port 7480
2020-1-23 22:47:07 web server running on port 7480
2020-1-23 22:47:30 web server running on port 7480
2020-1-23 22:47:31 страница, urlcode = main-page
2020-1-23 22:47:32 страница, urlcode = main-page
2020-1-23 22:49:47 web server running on port 7480
2020-1-23 22:49:50 страница, urlcode = main-page
2020-1-23 22:50:19 web server running on port 7480
2020-1-23 22:50:42 web server running on port 7480
2020-1-23 22:50:46 страница, urlcode = main-page
2020-1-23 22:52:24 web server running on port 7480
2020-1-23 22:52:26 страница, urlcode = main-page
2020-1-23 22:53:32 web server running on port 7480
2020-1-23 22:53:42 web server running on port 7480
2020-1-23 22:53:43 страница, urlcode = main-page
2020-1-23 22:54:33 web server running on port 7480
2020-1-23 22:54:37 страница, urlcode = main-page
2020-1-23 22:54:50 web server running on port 7480
2020-1-23 22:54:53 страница, urlcode = main-page
2020-1-23 22:56:25 web server running on port 7480
2020-1-23 22:56:28 web server running on port 7480
2020-1-23 22:56:31 страница, urlcode = main-page
2020-1-23 22:56:49 web server running on port 7480
2020-1-23 22:56:54 web server running on port 7480
2020-1-23 22:56:55 страница, urlcode = main-page
2020-1-23 22:57:46 web server running on port 7480
2020-1-23 22:57:48 страница, urlcode = main-page
2020-1-23 22:58:16 web server running on port 7480
2020-1-23 22:58:22 страница, urlcode = main-page
2020-1-23 22:58:32 web server running on port 7480
2020-1-23 22:58:46 web server running on port 7480
2020-1-23 22:58:49 страница, urlcode = main-page
2020-1-23 22:59:00 web server running on port 7480
2020-1-23 22:59:02 страница, urlcode = main-page
2020-1-23 23:00:05 web server running on port 7480
2020-1-23 23:00:14 страница, urlcode = main-page
2020-1-23 23:02:47 web server running on port 7480
2020-1-23 23:02:52 web server running on port 7480
2020-1-23 23:04:40 web server running on port 7480
2020-1-23 23:04:43 страница, urlcode = main-page
2020-1-23 23:05:01 web server running on port 7480
2020-1-23 23:05:37 web server running on port 7480
2020-1-23 23:15:31 web server running on port 7480
2020-1-23 23:15:47 web server running on port 7480
2020-1-23 23:16:56 web server running on port 7480
2020-1-23 23:16:59 web server running on port 7480
2020-1-23 23:17:08 страница, urlcode = cafe-catalog
2020-1-23 23:17:38 web server running on port 7480
2020-1-23 23:18:10 web server running on port 7480
2020-1-23 23:18:12 страница, urlcode = cafe-catalog
2020-1-23 23:18:14 страница, urlcode = cafe-catalog
2020-1-23 23:18:27 страница, urlcode = cafe-catalog
2020-1-23 23:18:35 страница, urlcode = main-page
2020-1-23 23:19:13 web server running on port 7480
2020-1-23 23:19:34 web server running on port 7480
2020-1-24 2:43:08 PM web server running on port 7480
2020-1-24 2:52:42 PM web server running on port 7480
2020-1-24 2:53:21 PM web server running on port 7480
2020-1-24 2:53:35 PM web server running on port 7480
2020-1-24 2:53:37 PM страница, urlcode = catalog
2020-1-24 2:53:42 PM страница, urlcode = main-page
2020-1-24 2:54:15 PM web server running on port 7480
2020-1-24 2:54:15 PM страница, urlcode = main-page
2020-1-24 2:54:16 PM страница, urlcode = favicon.ico
2020-1-24 2:54:18 PM web server running on port 7480
2020-1-24 2:54:18 PM страница, urlcode = favicon.ico
2020-1-24 2:54:21 PM web server running on port 7480
2020-1-24 2:54:23 PM страница, urlcode = main-page
2020-1-24 2:54:23 PM страница, urlcode = favicon.ico
2020-1-24 2:56:23 PM страница, urlcode = favicon.ico
2020-1-24 3:00:15 PM web server running on port 7480
2020-1-24 3:07:33 PM web server running on port 7480
2020-1-24 3:15:44 PM web server running on port 7480
2020-1-24 3:16:30 PM web server running on port 7480
2020-1-24 3:20:35 PM web server running on port 7480
2020-1-24 3:20:39 PM страница, urlcode = main-page
2020-1-24 3:21:02 PM web server running on port 7480
2020-1-24 3:21:05 PM страница, urlcode = main-page
2020-1-24 3:21:06 PM страница, urlcode = main-page
2020-1-24 3:41:22 PM страница, urlcode = main-page
2020-1-24 3:41:23 PM страница, urlcode = main-page
2020-1-24 3:41:49 PM web server running on port 7480
2020-1-24 3:41:53 PM web server running on port 7480
2020-1-24 3:41:56 PM страница, urlcode = main-page
2020-1-24 3:41:56 PM страница, urlcode = favicon.ico
2020-1-24 3:42:55 PM web server running on port 7480
2020-1-24 3:42:55 PM страница, urlcode = favicon.ico
2020-1-24 3:43:00 PM страница, urlcode = main-page
2020-1-24 3:43:00 PM страница, urlcode = favicon.ico
2020-1-24 3:43:14 PM страница, urlcode = main-page
2020-1-24 3:43:14 PM страница, urlcode = favicon.ico
2020-1-24 3:43:51 PM страница, urlcode = main-page
2020-1-24 3:43:51 PM страница, urlcode = favicon.ico
2020-1-24 3:44:41 PM страница, urlcode = main-page
2020-1-24 3:44:41 PM страница, urlcode = favicon.ico
2020-1-24 3:45:12 PM web server running on port 7480
2020-1-24 3:45:12 PM страница, urlcode = favicon.ico
2020-1-24 3:45:19 PM страница, urlcode = catalog
2020-1-24 3:45:22 PM страница, urlcode = catalog
2020-1-24 3:45:41 PM web server running on port 7480
2020-1-24 3:46:11 PM web server running on port 7480
2020-1-24 3:46:13 PM страница, urlcode = catalog
2020-1-24 3:46:13 PM страница, urlcode = favicon.ico
2020-1-24 3:46:14 PM страница, urlcode = catalog
2020-1-24 3:46:14 PM страница, urlcode = favicon.ico
2020-1-24 3:46:17 PM страница, urlcode = catalog
2020-1-24 3:46:17 PM страница, urlcode = favicon.ico
2020-1-24 3:47:24 PM страница, urlcode = main-page
2020-1-24 3:47:42 PM web server running on port 7480
2020-1-24 3:47:43 PM страница, urlcode = favicon.ico
2020-1-24 3:47:46 PM страница, urlcode = favicon.ico
2020-1-24 3:47:47 PM web server running on port 7480
2020-1-24 3:47:48 PM страница, urlcode = favicon.ico
2020-1-24 3:47:50 PM страница, urlcode = undefined
2020-1-24 3:48:08 PM web server running on port 7480
2020-1-24 3:48:09 PM страница, urlcode = undefined
2020-1-24 4:00:43 PM страница, urlcode = undefined
2020-1-24 4:02:10 PM web server running on port 7480
2020-1-24 4:02:11 PM страница, urlcode = undefined
2020-1-24 4:05:18 PM web server running on port 7480
2020-1-24 4:05:45 PM web server running on port 7480
2020-1-24 4:05:57 PM страница, urlcode = catalog
2020-1-24 4:05:58 PM страница, urlcode = favicon.ico
2020-1-24 4:07:15 PM web server running on port 7480
2020-1-24 4:07:15 PM страница, urlcode = favicon.ico
2020-1-24 4:09:00 PM web server running on port 7480
2020-1-24 4:09:01 PM страница, urlcode = catalog
2020-1-24 4:09:40 PM web server running on port 7480
2020-1-24 4:09:41 PM страница, urlcode = catalog
2020-1-24 4:09:56 PM web server running on port 7480
2020-1-24 4:10:00 PM страница, urlcode = catalog
2020-1-24 4:10:54 PM web server running on port 7480
2020-1-24 4:10:54 PM страница, urlcode = catalog
2020-1-24 4:11:17 PM web server running on port 7480
2020-1-24 4:11:20 PM web server running on port 7480
2020-1-24 4:11:42 PM страница, urlcode = main-page
2020-1-24 4:11:44 PM страница, urlcode = main-page
2020-1-24 4:11:50 PM страница, urlcode = main-page
2020-1-24 4:11:55 PM страница, urlcode = main-page
2020-1-24 4:12:22 PM web server running on port 7480
2020-1-24 4:12:23 PM страница, urlcode = main-page
2020-1-24 4:13:07 PM web server running on port 7480
2020-1-24 4:18:32 PM web server running on port 7480
2020-1-24 4:18:38 PM web server running on port 7480
2020-1-24 4:18:44 PM страница, urlcode = catalog
2020-1-24 4:18:46 PM страница, urlcode = main-page
2020-1-27 11:20:14 AM страница, urlcode = catalog
2020-1-27 11:20:21 AM страница, urlcode = main-page
2020-1-27 11:20:52 AM страница, urlcode = catalog
2020-1-27 11:20:53 AM страница, urlcode = main-page
2020-1-27 11:21:36 AM страница, urlcode = main-page
2020-1-27 11:21:37 AM страница, urlcode = main-page
2020-1-27 11:21:37 AM страница, urlcode = main-page
2020-1-27 11:21:38 AM страница, urlcode = main-page
2020-1-27 11:22:02 AM страница, urlcode = main-page
2020-1-27 11:22:03 AM страница, urlcode = catalog
2020-1-27 11:22:05 AM страница, urlcode = main-page
2020-1-27 11:23:06 AM web server running on port 7480
2020-1-27 11:23:10 AM web server running on port 7480
2020-1-27 11:23:17 AM web server running on port 7480
2020-1-27 11:23:20 AM web server running on port 7480
2020-1-27 11:25:02 AM web server running on port 7480
2020-1-27 11:25:07 AM web server running on port 7480
2020-1-27 11:25:10 AM страница, urlcode = catalog
2020-1-27 11:38:57 AM web server running on port 7480
2020-1-27 11:46:32 AM web server running on port 7480
2020-1-27 11:47:01 AM страница, urlcode = catalog
2020-1-27 11:47:03 AM страница, urlcode = main-page
2020-1-27 11:47:05 AM страница, urlcode = main-page
2020-1-27 11:48:15 AM страница, urlcode = main-page
2020-1-27 11:48:18 AM страница, urlcode = main-page
2020-1-27 11:48:21 AM страница, urlcode = main-page
2020-1-27 11:50:51 AM страница, urlcode = main-page
2020-1-27 11:59:52 AM страница, urlcode = main-page
2020-1-27 12:00:07 PM страница, urlcode = catalog
2020-1-27 12:00:08 PM страница, urlcode = main-page
2020-1-27 12:00:09 PM страница, urlcode = catalog
2020-1-27 12:00:13 PM страница, urlcode = main-page
2020-1-27 12:00:31 PM страница, urlcode = main-page
2020-1-27 12:08:25 PM страница, urlcode = main-page
2020-1-27 12:08:29 PM страница, urlcode = main-page
2020-1-27 12:08:33 PM страница, urlcode = main-page
2020-1-27 12:08:50 PM страница, urlcode = main-page
2020-1-27 12:08:51 PM страница, urlcode = main-page
2020-1-27 12:08:52 PM страница, urlcode = main-page
2020-1-27 12:09:33 PM web server running on port 7480
2020-1-27 12:09:34 PM страница, urlcode = main-page
2020-1-27 12:09:37 PM страница, urlcode = main-page
2020-1-27 12:10:44 PM страница, urlcode = main-page
2020-1-27 12:10:52 PM web server running on port 7480
2020-1-27 12:10:54 PM страница, urlcode = main-page
2020-1-27 12:12:01 PM страница, urlcode = main-page
2020-1-27 12:12:03 PM страница, urlcode = main-page
2020-1-27 12:16:33 PM web server running on port 7480
2020-1-27 12:16:49 PM страница, urlcode = main-page
2020-1-27 12:16:52 PM страница, urlcode = main-page
2020-1-27 12:16:56 PM страница, urlcode = catalog
2020-1-27 12:18:05 PM страница, urlcode = catalog
2020-1-27 12:24:21 PM web server running on port 7480
2020-1-27 12:24:24 PM web server running on port 7480
2020-1-27 12:24:27 PM web server running on port 7480
2020-1-27 12:24:38 PM обращение к / - рендерим как /authorization
2020-1-27 12:24:38 PM страница, urlcode = authorization
2020-1-27 12:24:41 PM страница, urlcode = catalog
2020-1-27 12:24:44 PM страница, urlcode = authorization
2020-1-27 12:24:44 PM обращение к / - рендерим как /authorization
2020-1-27 12:24:51 PM страница, urlcode = main-page
2020-1-27 12:24:53 PM обращение к / - рендерим как /authorization
2020-1-27 12:24:53 PM страница, urlcode = authorization
2020-1-27 12:25:17 PM web server running on port 7480
2020-1-27 12:25:17 PM обращение к / - рендерим как /authorization
2020-1-27 12:25:17 PM страница, urlcode = authorization
2020-1-27 12:25:20 PM обращение к / - рендерим как /authorization
2020-1-27 12:25:20 PM страница, urlcode = authorization
2020-1-27 12:26:32 PM обращение к / - рендерим как /authorization
2020-1-27 12:26:32 PM страница, urlcode = authorization
2020-1-27 12:27:08 PM обращение к / - рендерим как /authorization
2020-1-27 12:27:08 PM страница, urlcode = authorization
2020-1-27 12:27:18 PM обращение к / - рендерим как /authorization
2020-1-27 12:27:18 PM страница, urlcode = authorization
2020-1-27 12:27:24 PM страница, urlcode = authorization
2020-1-27 12:27:24 PM обращение к / - рендерим как /authorization
2020-1-27 12:27:25 PM страница, urlcode = authorization
2020-1-27 12:27:25 PM обращение к / - рендерим как /authorization
2020-1-27 12:27:30 PM обращение к / - рендерим как /authorization
2020-1-27 12:27:30 PM страница, urlcode = authorization
2020-1-27 12:28:49 PM обращение к / - рендерим как /authorization
2020-1-27 12:28:49 PM страница, urlcode = authorization
2020-1-27 12:31:11 PM обращение к / - рендерим как /authorization
2020-1-27 12:31:11 PM страница, urlcode = authorization
2020-1-27 12:32:37 PM обращение к / - рендерим как /authorization
2020-1-27 12:32:37 PM страница, urlcode = authorization
2020-1-27 12:32:41 PM обращение к / - рендерим как /authorization
2020-1-27 12:32:41 PM страница, urlcode = authorization
2020-1-27 12:35:12 PM страница, urlcode = authorization
2020-1-27 12:35:12 PM обращение к / - рендерим как /authorization
2020-1-27 12:35:40 PM обращение к / - рендерим как /authorization
2020-1-27 12:35:40 PM страница, urlcode = authorization
2020-1-27 12:36:18 PM обращение к / - рендерим как /authorization
2020-1-27 12:36:18 PM страница, urlcode = authorization
2020-1-27 12:36:54 PM обращение к / - рендерим как /authorization
2020-1-27 12:36:54 PM страница, urlcode = authorization
2020-1-27 12:37:11 PM обращение к / - рендерим как /authorization
2020-1-27 12:37:11 PM страница, urlcode = authorization
2020-1-27 12:37:17 PM обращение к / - рендерим как /authorization
2020-1-27 12:37:17 PM страница, urlcode = authorization
2020-1-27 12:37:26 PM обращение к / - рендерим как /authorization
2020-1-27 12:37:26 PM страница, urlcode = authorization
2020-1-27 12:37:49 PM обращение к / - рендерим как /authorization
2020-1-27 12:37:49 PM страница, urlcode = authorization
2020-1-27 12:37:50 PM обращение к / - рендерим как /authorization
2020-1-27 12:37:50 PM страница, urlcode = authorization
2020-1-27 12:38:03 PM обращение к / - рендерим как /authorization
2020-1-27 12:38:03 PM страница, urlcode = authorization
2020-1-27 12:49:33 PM web server running on port 7480
2020-1-27 12:49:44 PM web server running on port 7480
2020-1-27 12:51:00 PM web server running on port 7480
2020-1-27 12:52:12 PM web server running on port 7480
2020-1-27 12:52:20 PM web server running on port 7480
2020-1-27 12:52:45 PM web server running on port 7480
2020-1-27 5:02:43 PM web server running on port 7480
2020-1-27 5:03:11 PM web server running on port 7480
2020-1-27 5:03:49 PM обращение к / - рендерим как /authorization
2020-1-27 5:03:49 PM страница, urlcode = authorization
2020-1-27 5:04:40 PM обращение к / - рендерим как /authorization
2020-1-27 5:04:40 PM страница, urlcode = authorization
2020-1-27 5:07:27 PM web server running on port 7480
2020-1-27 5:07:30 PM обращение к / - рендерим как /authorization
2020-1-27 5:07:30 PM страница, urlcode = authorization
2020-1-27 5:07:38 PM web server running on port 7480
2020-1-27 5:12:29 PM web server running on port 7480
2020-1-27 5:12:31 PM web server running on port 7480
2020-1-27 5:12:36 PM web server running on port 7480
2020-1-27 5:12:39 PM обращение к / - рендерим как /authorization
2020-1-27 5:12:39 PM страница, urlcode = authorization
2020-1-27 5:13:26 PM web server running on port 7480
2020-1-27 5:13:31 PM обращение к / - рендерим как /authorization
2020-1-27 5:13:31 PM страница, urlcode = authorization
2020-1-27 5:13:33 PM обращение к / - рендерим как /authorization
2020-1-27 5:13:33 PM страница, urlcode = authorization
2020-1-27 5:23:57 PM web server running on port 7480
2020-1-27 5:24:15 PM web server running on port 7480
2020-1-27 5:24:46 PM web server running on port 7480
2020-1-27 5:24:51 PM обращение к / - рендерим как /authorization
2020-1-27 5:24:51 PM страница, urlcode = authorization
2020-1-27 5:25:12 PM web server running on port 7480
2020-1-27 5:26:25 PM web server running on port 7480
2020-1-27 5:26:52 PM web server running on port 7480
2020-1-27 5:26:55 PM web server running on port 7480
2020-1-27 5:27:41 PM web server running on port 7480
2020-1-27 5:27:44 PM web server running on port 7480
2020-1-27 5:28:09 PM обращение к / - рендерим как /authorization
2020-1-27 5:28:09 PM страница, urlcode = authorization
2020-1-27 5:29:19 PM web server running on port 7480
2020-1-27 5:30:10 PM web server running on port 7480
2020-1-27 5:30:20 PM web server running on port 7480
2020-1-27 5:30:22 PM обращение к / - рендерим как /authorization
2020-1-27 5:30:22 PM страница, urlcode = authorization
2020-1-27 5:30:44 PM web server running on port 7480
2020-1-27 5:30:45 PM страница, urlcode = authorization
2020-1-27 5:30:45 PM обращение к / - рендерим как /authorization
2020-1-27 5:30:54 PM страница, urlcode = check-authorization
2020-1-27 5:31:20 PM web server running on port 7480
2020-1-27 5:31:23 PM страница, urlcode = check-authorization
2020-1-27 5:32:31 PM web server running on port 7480
2020-1-27 5:32:44 PM web server running on port 7480
2020-1-27 5:32:46 PM страница, urlcode = check-authorization
2020-1-27 5:33:00 PM web server running on port 7480
2020-1-27 5:33:01 PM страница, urlcode = check-authorization
2020-1-27 5:33:55 PM web server running on port 7480
2020-1-27 5:35:14 PM web server running on port 7480
2020-1-27 5:35:38 PM web server running on port 7480
2020-1-27 5:35:54 PM web server running on port 7480
2020-1-27 5:40:39 PM web server running on port 7480
2020-1-27 5:41:05 PM web server running on port 7480
2020-1-27 5:43:08 PM web server running on port 7480
2020-1-27 5:44:04 PM web server running on port 7480
2020-1-27 5:44:08 PM страница, urlcode = check-authorization
2020-1-27 5:46:36 PM web server running on port 7480
2020-1-27 5:46:38 PM страница, urlcode = check-authorization
2020-1-27 5:48:11 PM web server running on port 7480
2020-1-27 5:48:12 PM страница, urlcode = check-authorization
2020-1-27 5:52:08 PM web server running on port 7480
2020-1-27 5:52:16 PM web server running on port 7480
2020-1-27 5:52:46 PM web server running on port 7480
2020-1-27 5:52:49 PM web server running on port 7480
2020-1-27 5:53:08 PM web server running on port 7480
2020-1-27 5:53:18 PM web server running on port 7480
2020-1-27 5:54:02 PM web server running on port 7480
2020-1-27 5:54:46 PM web server running on port 7480
2020-1-27 5:56:29 PM web server running on port 7480
2020-1-27 5:57:20 PM web server running on port 7480
2020-1-27 5:57:27 PM web server running on port 7480
2020-1-27 5:59:41 PM web server running on port 7480
2020-1-27 6:00:27 PM web server running on port 7480
2020-1-27 6:05:37 PM web server running on port 7480
2020-1-27 6:05:43 PM web server running on port 7480
2020-1-27 6:05:52 PM web server running on port 7480
2020-1-27 6:05:56 PM страница, urlcode = check-authorization
2020-1-27 6:06:30 PM web server running on port 7480
2020-1-27 6:06:32 PM страница, urlcode = check-authorization
2020-1-27 6:07:11 PM web server running on port 7480
2020-1-27 6:07:22 PM web server running on port 7480
2020-1-27 6:07:30 PM страница, urlcode = check-authorization
2020-1-27 6:07:43 PM web server running on port 7480
2020-1-27 6:09:22 PM страница, urlcode = check-authorization
2020-1-27 6:09:54 PM страница, urlcode = check-authorization
2020-1-27 6:10:04 PM web server running on port 7480
2020-1-27 6:10:15 PM web server running on port 7480
2020-1-27 6:10:44 PM web server running on port 7480
2020-1-27 6:10:50 PM web server running on port 7480
2020-1-27 6:10:55 PM web server running on port 7480
2020-1-27 6:21:34 PM web server running on port 7480
2020-1-27 6:22:19 PM web server running on port 7480
2020-1-27 6:22:34 PM web server running on port 7480
2020-1-27 6:22:41 PM web server running on port 7480
2020-1-27 6:23:00 PM web server running on port 7480
2020-1-27 6:23:38 PM web server running on port 7480
2020-1-27 6:25:23 PM web server running on port 7480
2020-1-27 6:25:26 PM web server running on port 7480
2020-1-27 6:25:35 PM web server running on port 7480
2020-1-27 6:25:55 PM web server running on port 7480
2020-1-27 6:27:01 PM web server running on port 7480
2020-1-27 6:29:49 PM web server running on port 7480
2020-1-28 11:15:29 AM web server running on port 7480
2020-1-28 11:15:32 AM страница, urlcode = check-authorization
2020-1-28 11:16:09 AM web server running on port 7480
2020-1-28 11:16:11 AM страница, urlcode = check-authorization
2020-1-28 11:42:55 AM web server running on port 7480
2020-1-28 11:43:09 AM web server running on port 7480
2020-1-28 11:43:17 AM web server running on port 7480
2020-1-28 11:44:47 AM web server running on port 7480
2020-1-28 11:44:51 AM web server running on port 7480
2020-1-28 11:44:59 AM web server running on port 7480
2020-1-28 11:45:08 AM web server running on port 7480
2020-1-28 11:45:37 AM web server running on port 7480
2020-1-28 11:46:25 AM web server running on port 7480
2020-1-28 11:49:03 AM web server running on port 7480
2020-1-28 11:49:13 AM web server running on port 7480
2020-1-28 11:49:16 AM страница, urlcode = check-authorization
2020-1-28 11:52:17 AM web server running on port 7480
2020-1-28 11:52:23 AM страница, urlcode = check-authorization
2020-1-28 11:56:58 AM web server running on port 7480
2020-1-28 11:57:08 AM web server running on port 7480
2020-1-28 11:57:23 AM web server running on port 7480
2020-1-28 11:58:05 AM web server running on port 7480
2020-1-28 11:58:08 AM страница, urlcode = check-authorization
2020-1-28 11:58:29 AM web server running on port 7480
2020-1-28 12:31:47 PM web server running on port 7480
2020-1-28 12:31:50 PM страница, urlcode = check-authorization
2020-1-28 12:32:48 PM web server running on port 7480
2020-1-28 12:32:51 PM страница, urlcode = check-authorization
2020-1-28 12:33:34 PM web server running on port 7480
2020-1-28 12:33:40 PM страница, urlcode = check-authorization
2020-1-28 12:39:00 PM web server running on port 7480
2020-1-28 1:22:45 PM web server running on port 7480
2020-1-28 1:22:49 PM страница, urlcode = check-authorization
2020-1-28 1:23:17 PM web server running on port 7480
2020-1-28 1:23:20 PM страница, urlcode = check-authorization
2020-1-28 1:23:29 PM web server running on port 7480
2020-1-28 1:23:31 PM страница, urlcode = check-authorization
2020-1-28 1:24:52 PM web server running on port 7480
2020-1-28 1:25:06 PM web server running on port 7480
2020-1-28 1:26:17 PM web server running on port 7480
2020-1-28 1:26:44 PM web server running on port 7480
2020-1-28 1:29:41 PM web server running on port 7480
2020-1-28 1:30:34 PM web server running on port 7480
2020-1-28 1:31:41 PM web server running on port 7480
2020-1-28 1:31:47 PM web server running on port 7480
2020-1-28 1:31:53 PM web server running on port 7480
2020-1-28 1:32:22 PM страница, urlcode = check-authorization
2020-1-28 1:32:50 PM web server running on port 7480
2020-1-28 1:32:52 PM страница, urlcode = check-authorization
2020-1-28 1:33:09 PM web server running on port 7480
2020-1-28 1:33:11 PM страница, urlcode = check-authorization
2020-1-28 1:33:59 PM web server running on port 7480
2020-1-28 1:34:01 PM страница, urlcode = check-authorization
2020-1-28 1:34:17 PM web server running on port 7480
2020-1-28 1:34:20 PM web server running on port 7480
2020-1-28 1:34:32 PM web server running on port 7480
2020-1-28 1:34:33 PM страница, urlcode = check-authorization
2020-1-28 1:36:58 PM web server running on port 7480
2020-1-28 1:36:59 PM страница, urlcode = check-authorization
2020-1-28 1:38:42 PM web server running on port 7480
2020-1-28 1:38:56 PM web server running on port 7480
2020-1-28 1:39:07 PM web server running on port 7480
2020-1-28 1:39:11 PM страница, urlcode = check-authorization
2020-1-28 1:46:50 PM web server running on port 7480
2020-1-28 1:46:54 PM web server running on port 7480
2020-1-28 1:46:56 PM страница, urlcode = check-authorization
2020-1-28 1:47:05 PM web server running on port 7480
2020-1-28 1:47:05 PM страница, urlcode = check-authorization
2020-1-28 1:47:36 PM web server running on port 7480
2020-1-28 1:47:37 PM страница, urlcode = check-authorization
2020-1-28 1:49:51 PM web server running on port 7480
2020-1-28 1:49:59 PM web server running on port 7480
2020-1-28 1:50:03 PM страница, urlcode = check-authorization
2020-1-28 1:50:10 PM web server running on port 7480
2020-1-28 1:50:11 PM страница, urlcode = check-authorization
2020-1-28 1:51:14 PM web server running on port 7480
2020-1-28 1:53:06 PM web server running on port 7480
2020-1-28 1:53:24 PM web server running on port 7480
2020-1-28 1:53:28 PM страница, urlcode = check-authorization
2020-1-28 1:54:24 PM web server running on port 7480
2020-1-28 1:54:27 PM страница, urlcode = check-authorization
2020-1-28 1:54:38 PM web server running on port 7480
2020-1-28 1:54:40 PM страница, urlcode = check-authorization
2020-1-28 1:55:22 PM web server running on port 7480
2020-1-28 1:56:50 PM web server running on port 7480
2020-1-28 1:57:04 PM web server running on port 7480
2020-1-28 1:57:06 PM страница, urlcode = check-authorization
2020-1-28 1:58:12 PM web server running on port 7480
2020-1-28 1:58:17 PM страница, urlcode = check-authorization
2020-1-28 1:58:40 PM web server running on port 7480
2020-1-28 1:58:42 PM страница, urlcode = check-authorization
2020-1-28 2:00:18 PM web server running on port 7480
2020-1-28 2:00:24 PM web server running on port 7480
2020-1-28 2:00:28 PM web server running on port 7480
2020-1-28 2:00:31 PM web server running on port 7480
2020-1-28 2:00:34 PM обращение к / - рендерим как /authorization
2020-1-28 2:00:34 PM страница, urlcode = authorization
2020-1-28 2:00:51 PM страница, urlcode = check-authorization
2020-1-28 2:01:09 PM web server running on port 7480
2020-1-28 2:01:12 PM страница, urlcode = check-authorization
2020-1-28 2:01:44 PM web server running on port 7480
2020-1-28 2:01:54 PM web server running on port 7480
2020-1-28 2:02:05 PM страница, urlcode = check-authorization
2020-1-28 2:02:48 PM web server running on port 7480
2020-1-28 2:02:50 PM страница, urlcode = check-authorization
2020-1-28 2:04:02 PM web server running on port 7480
2020-1-28 2:04:05 PM web server running on port 7480
2020-1-28 2:04:19 PM web server running on port 7480
2020-1-28 2:04:23 PM страница, urlcode = check-authorization
2020-1-28 2:05:29 PM web server running on port 7480
2020-1-28 2:05:34 PM страница, urlcode = check-authorization
2020-1-28 2:06:26 PM web server running on port 7480
2020-1-28 3:45:24 PM web server running on port 7480
2020-1-28 3:45:50 PM страница, urlcode = check-authorization
2020-1-28 3:46:39 PM web server running on port 7480
2020-1-28 3:46:48 PM web server running on port 7480
2020-1-28 3:46:58 PM web server running on port 7480
2020-1-28 3:48:12 PM страница, urlcode = check-authorization
2020-1-28 3:53:30 PM web server running on port 7480
2020-1-28 3:55:48 PM страница, urlcode = check-authorization
2020-1-28 3:56:49 PM web server running on port 7480
2020-1-28 3:56:52 PM страница, urlcode = check-authorization
2020-1-28 3:58:16 PM web server running on port 7480
2020-1-28 3:58:25 PM web server running on port 7480
2020-1-28 3:58:34 PM страница, urlcode = check-authorization
2020-1-28 4:11:37 PM web server running on port 7480
2020-1-28 4:11:40 PM web server running on port 7480
2020-1-28 4:11:43 PM страница, urlcode = check-authorization
2020-1-28 4:12:10 PM web server running on port 7480
2020-1-28 4:12:14 PM страница, urlcode = check-authorization
2020-1-28 4:15:11 PM web server running on port 7480
2020-1-28 4:15:32 PM web server running on port 7480
2020-1-28 4:15:39 PM страница, urlcode = check-authorization
2020-1-28 4:15:53 PM web server running on port 7480
2020-1-28 4:15:55 PM страница, urlcode = check-authorization
2020-1-28 4:29:44 PM web server running on port 7480
2020-1-28 4:29:47 PM страница, urlcode = check-authorization
2020-1-28 4:29:53 PM web server running on port 7480
2020-1-28 4:31:26 PM web server running on port 7480
2020-1-28 4:31:49 PM web server running on port 7480
2020-1-28 4:32:08 PM web server running on port 7480
2020-1-28 4:32:12 PM страница, urlcode = check-authorization
2020-1-28 4:32:23 PM web server running on port 7480
2020-1-28 4:32:26 PM страница, urlcode = check-authorization
2020-1-28 4:32:38 PM web server running on port 7480
2020-1-28 4:32:39 PM страница, urlcode = check-authorization
2020-1-28 4:33:21 PM web server running on port 7480
2020-1-28 4:33:23 PM страница, urlcode = check-authorization
2020-1-28 4:33:34 PM web server running on port 7480
2020-1-28 4:33:36 PM страница, urlcode = check-authorization
2020-1-28 4:34:20 PM web server running on port 7480
2020-1-28 4:34:42 PM web server running on port 7480
2020-1-28 4:34:53 PM web server running on port 7480
2020-1-28 4:36:13 PM web server running on port 7480
2020-1-28 4:36:17 PM web server running on port 7480
2020-1-28 4:36:20 PM web server running on port 7480
2020-1-28 4:36:36 PM web server running on port 7480
2020-1-28 4:36:44 PM web server running on port 7480
2020-1-28 4:36:48 PM web server running on port 7480
2020-1-28 4:36:55 PM web server running on port 7480
2020-1-28 4:36:58 PM обращение к / - рендерим как /authorization
2020-1-28 4:36:58 PM страница, urlcode = authorization
2020-1-28 4:37:03 PM страница, urlcode = check-authorization
2020-1-28 4:37:24 PM web server running on port 7480
2020-1-28 4:37:26 PM страница, urlcode = check-authorization
2020-1-28 4:39:23 PM web server running on port 7480
2020-1-28 4:39:28 PM страница, urlcode = check-authorization
2020-1-28 4:40:39 PM web server running on port 7480
2020-1-28 4:40:47 PM web server running on port 7480
2020-1-28 4:41:16 PM web server running on port 7480
2020-1-28 4:41:40 PM web server running on port 7480
2020-1-28 4:41:42 PM страница, urlcode = check-authorization
2020-1-28 4:42:30 PM web server running on port 7480
2020-1-28 4:42:45 PM web server running on port 7480
2020-1-28 4:42:48 PM web server running on port 7480
2020-1-28 4:43:27 PM web server running on port 7480
2020-1-28 4:43:30 PM web server running on port 7480
2020-1-28 4:43:37 PM web server running on port 7480
2020-1-28 4:44:00 PM web server running on port 7480
2020-1-28 4:47:51 PM web server running on port 7480
2020-1-28 4:48:05 PM web server running on port 7480
2020-1-28 4:49:34 PM web server running on port 7480
2020-1-28 4:49:54 PM web server running on port 7480
2020-1-28 4:50:03 PM web server running on port 7480
2020-1-28 4:50:08 PM web server running on port 7480
2020-1-28 4:50:16 PM страница, urlcode = check-authorization
2020-1-28 4:50:53 PM web server running on port 7480
2020-1-28 4:50:56 PM страница, urlcode = check-authorization
2020-1-28 4:51:18 PM обращение к / - рендерим как /authorization
2020-1-28 4:51:18 PM страница, urlcode = authorization
2020-1-28 4:51:27 PM страница, urlcode = check-authorization
2020-1-28 4:51:51 PM web server running on port 7480
2020-1-28 4:51:53 PM обращение к / - рендерим как /authorization
2020-1-28 4:51:53 PM страница, urlcode = authorization
2020-1-28 4:51:58 PM страница, urlcode = check-authorization
2020-1-28 4:52:35 PM web server running on port 7480
2020-1-28 4:53:07 PM web server running on port 7480
2020-1-28 4:53:12 PM web server running on port 7480
2020-1-28 4:53:13 PM обращение к / - рендерим как /authorization
2020-1-28 4:53:13 PM страница, urlcode = authorization
2020-1-28 4:53:18 PM страница, urlcode = check-authorization
2020-1-28 4:53:35 PM web server running on port 7480
2020-1-28 4:53:36 PM обращение к / - рендерим как /authorization
2020-1-28 4:53:36 PM страница, urlcode = authorization
2020-1-28 4:53:41 PM страница, urlcode = check-authorization
2020-1-28 4:54:05 PM web server running on port 7480
2020-1-28 4:54:10 PM web server running on port 7480
2020-1-28 4:54:11 PM обращение к / - рендерим как /authorization
2020-1-28 4:54:11 PM страница, urlcode = authorization
2020-1-28 4:54:17 PM страница, urlcode = check-authorization
2020-1-28 4:55:00 PM web server running on port 7480
2020-1-28 4:55:07 PM web server running on port 7480
2020-1-28 4:55:10 PM страница, urlcode = authorization
2020-1-28 4:55:10 PM обращение к / - рендерим как /authorization
2020-1-28 4:55:15 PM страница, urlcode = check-authorization
2020-1-28 4:55:38 PM web server running on port 7480
2020-1-28 4:55:51 PM web server running on port 7480
2020-1-28 4:56:17 PM web server running on port 7480
2020-1-28 4:56:55 PM web server running on port 7480
2020-1-28 4:58:03 PM web server running on port 7480
2020-1-28 4:59:06 PM web server running on port 7480
2020-1-28 4:59:08 PM обращение к / - рендерим как /authorization
2020-1-28 4:59:08 PM страница, urlcode = authorization
2020-1-28 4:59:14 PM страница, urlcode = check-authorization
2020-1-28 4:59:54 PM web server running on port 7480
2020-1-28 4:59:55 PM обращение к / - рендерим как /authorization
2020-1-28 4:59:55 PM страница, urlcode = authorization
2020-1-28 5:00:03 PM страница, urlcode = check-authorization
2020-1-28 5:01:17 PM web server running on port 7480
2020-1-28 5:07:22 PM web server running on port 7480
2020-1-28 5:18:45 PM web server running on port 7480
2020-1-28 5:18:52 PM web server running on port 7480
2020-1-28 5:19:20 PM web server running on port 7480
2020-1-28 5:19:35 PM обращение к / - рендерим как /authorization
2020-1-28 5:19:35 PM страница, urlcode = authorization
2020-1-28 5:20:01 PM web server running on port 7480
2020-1-28 5:20:18 PM web server running on port 7480
2020-1-28 5:20:21 PM web server running on port 7480
2020-1-28 5:20:57 PM обращение к / - рендерим как /authorization
2020-1-28 5:20:57 PM страница, urlcode = authorization
2020-1-28 5:21:05 PM страница, urlcode = check-authorization
2020-1-28 5:21:32 PM web server running on port 7480
2020-1-28 5:21:35 PM страница, urlcode = check-authorization
2020-1-28 5:21:48 PM web server running on port 7480
2020-1-28 5:21:54 PM web server running on port 7480
2020-1-28 5:21:56 PM web server running on port 7480
2020-1-28 5:22:02 PM web server running on port 7480
2020-1-28 5:22:05 PM web server running on port 7480
2020-1-28 5:22:10 PM обращение к / - рендерим как /authorization
2020-1-28 5:22:10 PM страница, urlcode = authorization
2020-1-28 5:22:16 PM страница, urlcode = authorization
2020-1-28 5:22:44 PM web server running on port 7480
2020-1-28 5:22:53 PM страница, urlcode = authorization
2020-1-28 5:22:58 PM web server running on port 7480
2020-1-28 5:26:03 PM web server running on port 7480
2020-1-28 5:26:37 PM web server running on port 7480
2020-1-28 5:27:05 PM web server running on port 7480
2020-1-28 5:27:10 PM страница, urlcode = authorization
2020-1-28 5:27:14 PM страница, urlcode = authorization
2020-1-28 5:27:20 PM страница, urlcode = check-authorization
2020-1-28 5:27:20 PM страница, urlcode = main-page
2020-1-28 5:30:08 PM web server running on port 7480
2020-1-28 5:30:14 PM web server running on port 7480
2020-1-28 5:30:17 PM страница, urlcode = authorization
2020-1-28 5:30:24 PM страница, urlcode = check-authorization
2020-1-28 5:31:11 PM web server running on port 7480
2020-1-28 5:31:20 PM web server running on port 7480
2020-1-28 5:31:24 PM web server running on port 7480
2020-1-28 5:32:42 PM страница, urlcode = authorization
2020-1-28 5:33:23 PM web server running on port 7480
2020-1-28 5:33:56 PM страница, urlcode = check-authorization
2020-1-28 5:33:56 PM страница, urlcode = main-page
2020-1-28 5:34:05 PM страница, urlcode = authorization
2020-1-28 5:34:30 PM web server running on port 7480
2020-1-28 5:34:53 PM web server running on port 7480
2020-1-28 5:34:58 PM обращение к / - рендерим как /authorization
2020-1-28 5:34:58 PM страница, urlcode = main-page
2020-1-28 5:36:32 PM web server running on port 7480
2020-1-28 5:37:27 PM обращение к / - рендерим как /authorization
2020-1-28 5:37:27 PM страница, urlcode = main-page
2020-1-28 5:37:28 PM обращение к / - рендерим как /authorization
2020-1-28 5:37:28 PM страница, urlcode = main-page
2020-1-28 5:37:33 PM страница, urlcode = authorization
2020-1-28 5:37:36 PM обращение к / - рендерим как /authorization
2020-1-28 5:37:36 PM страница, urlcode = main-page
2020-1-28 5:37:37 PM страница, urlcode = catalog
2020-1-28 5:38:33 PM страница, urlcode = catalog
2020-1-28 5:38:35 PM страница, urlcode = main-page
2020-1-28 5:38:36 PM страница, urlcode = catalog
2020-1-28 5:40:03 PM страница, urlcode = main-page
2020-1-28 5:40:05 PM страница, urlcode = catalog
2020-1-28 5:40:38 PM страница, urlcode = catalog
2020-1-28 5:40:40 PM страница, urlcode = catalog
2020-1-28 5:40:40 PM страница, urlcode = catalog
2020-1-28 5:40:41 PM страница, urlcode = catalog
2020-1-28 5:40:42 PM страница, urlcode = main-page
2020-1-28 5:40:44 PM страница, urlcode = catalog
2020-1-28 5:41:11 PM web server running on port 7480
2020-1-28 5:41:15 PM страница, urlcode = catalog
2020-1-29 11:34:48 AM страница, urlcode = main-page
2020-1-29 11:36:14 AM web server running on port 7480
2020-1-29 11:36:26 AM web server running on port 7480
2020-1-29 11:36:31 AM web server running on port 7480
2020-1-29 11:36:43 AM страница, urlcode = main-page
2020-1-29 11:37:43 AM страница, urlcode = main-page
2020-1-29 11:37:46 AM страница, urlcode = main-page
2020-1-29 11:37:48 AM страница, urlcode = main-page
2020-1-29 11:37:50 AM страница, urlcode = authorization
2020-1-29 11:38:10 AM web server running on port 7480
2020-1-29 11:38:10 AM страница, urlcode = authorization
2020-1-29 11:38:12 AM страница, urlcode = authorization
2020-1-29 11:38:47 AM web server running on port 7480
2020-1-29 11:39:24 AM страница, urlcode = authorization
2020-1-29 11:39:28 AM страница, urlcode = main-page
2020-1-29 11:39:30 AM страница, urlcode = catalog
2020-1-29 11:39:31 AM страница, urlcode = main-page
2020-1-29 11:39:32 AM страница, urlcode = catalog
2020-1-29 11:39:33 AM страница, urlcode = authorization
2020-1-29 11:40:06 AM страница, urlcode = check-authorization
2020-1-29 11:40:57 AM web server running on port 7480
2020-1-29 11:41:18 AM web server running on port 7480
2020-1-29 11:41:27 AM web server running on port 7480
2020-1-29 11:41:31 AM web server running on port 7480
2020-1-29 11:41:44 AM web server running on port 7480
2020-1-29 11:41:46 AM страница, urlcode = authorization
2020-1-29 11:41:52 AM страница, urlcode = check-authorization
2020-1-29 11:41:52 AM страница, urlcode = main-page
2020-1-29 11:42:31 AM web server running on port 7480
2020-1-29 11:42:37 AM web server running on port 7480
2020-1-29 11:42:58 AM web server running on port 7480
2020-1-29 11:43:00 AM страница, urlcode = authorization
2020-1-29 11:43:05 AM страница, urlcode = check-authorization
2020-1-29 11:47:06 AM web server running on port 7480
2020-1-29 11:47:08 AM страница, urlcode = authorization
2020-1-29 11:47:12 AM страница, urlcode = check-authorization
2020-1-29 11:47:13 AM страница, urlcode = main-page
2020-1-29 11:47:35 AM web server running on port 7480
2020-1-29 11:47:36 AM web server running on port 7480
2020-1-29 11:47:42 AM web server running on port 7480
2020-1-29 11:48:17 AM web server running on port 7480
2020-1-29 11:54:03 AM web server running on port 7480
2020-1-29 11:54:17 AM страница, urlcode = authorization
2020-1-29 11:54:21 AM страница, urlcode = check-authorization
2020-1-29 11:54:22 AM страница, urlcode = main-page
2020-1-29 11:55:02 AM страница, urlcode = main-page
2020-1-29 11:55:04 AM страница, urlcode = authorization
2020-1-29 12:00:05 PM web server running on port 7480
2020-1-29 12:00:34 PM страница, urlcode = authorization
2020-1-29 12:00:38 PM страница, urlcode = check-authorization
2020-1-29 12:00:38 PM страница, urlcode = main-page
2020-1-29 12:15:49 PM web server running on port 7480
2020-1-29 12:15:54 PM web server running on port 7480
2020-1-29 12:15:57 PM страница, urlcode = authorization
2020-1-29 12:16:04 PM страница, urlcode = check-authorization
2020-1-29 12:16:05 PM страница, urlcode = main-page
2020-1-29 12:16:15 PM web server running on port 7480
2020-1-29 12:16:17 PM web server running on port 7480
2020-1-29 12:20:03 PM web server running on port 7480
2020-1-29 12:20:06 PM страница, urlcode = authorization
2020-1-29 12:20:10 PM страница, urlcode = authorization
2020-1-29 12:20:19 PM страница, urlcode = check-authorization
2020-1-29 12:20:19 PM страница, urlcode = catalog
2020-1-29 12:20:39 PM web server running on port 7480
2020-1-29 12:20:46 PM страница, urlcode = check-authorization
2020-1-29 12:20:46 PM страница, urlcode = catalog
2020-1-29 12:21:20 PM web server running on port 7480
2020-1-29 12:21:23 PM страница, urlcode = authorization
2020-1-29 12:21:25 PM страница, urlcode = authorization
2020-1-29 12:21:26 PM страница, urlcode = authorization
2020-1-29 12:21:27 PM страница, urlcode = authorization
2020-1-29 12:21:28 PM страница, urlcode = authorization
2020-1-29 12:21:32 PM страница, urlcode = authorization
2020-1-29 12:22:05 PM web server running on port 7480
2020-1-29 12:22:06 PM страница, urlcode = authorization
2020-1-29 12:22:17 PM страница, urlcode = authorization
2020-1-29 12:22:18 PM страница, urlcode = authorization
2020-1-29 12:22:37 PM страница, urlcode = authorization
2020-1-29 12:22:39 PM страница, urlcode = authorization
2020-1-29 12:23:26 PM web server running on port 7480
2020-1-29 12:23:27 PM страница, urlcode = authorization
2020-1-29 12:23:28 PM страница, urlcode = authorization
2020-1-29 12:23:30 PM страница, urlcode = authorization
2020-1-29 12:23:45 PM web server running on port 7480
2020-1-29 12:23:47 PM страница, urlcode = authorization
2020-1-29 12:23:52 PM страница, urlcode = authorization
2020-1-29 12:23:56 PM web server running on port 7480
2020-1-29 12:24:12 PM web server running on port 7480
2020-1-29 12:24:18 PM web server running on port 7480
2020-1-29 12:24:35 PM страница, urlcode = authorization
2020-1-29 12:24:40 PM страница, urlcode = check-authorization
2020-1-29 12:24:40 PM страница, urlcode = main-page
2020-1-29 12:25:02 PM web server running on port 7480
2020-1-29 12:25:50 PM web server running on port 7480
2020-1-29 12:26:05 PM страница, urlcode = authorization
2020-1-29 12:26:10 PM страница, urlcode = check-authorization
2020-1-29 12:26:10 PM страница, urlcode = main-page
2020-1-29 12:29:26 PM web server running on port 7480
2020-1-29 12:29:37 PM web server running on port 7480
2020-1-29 12:29:40 PM web server running on port 7480
2020-1-29 12:30:27 PM web server running on port 7480
2020-1-29 12:33:09 PM web server running on port 7480
2020-1-29 12:33:12 PM страница, urlcode = authorization
2020-1-29 12:33:17 PM страница, urlcode = check-authorization
2020-1-29 12:33:17 PM страница, urlcode = main-page
2020-1-29 12:33:27 PM страница, urlcode = authorization
2020-1-29 12:33:29 PM страница, urlcode = main-page
2020-1-29 12:33:30 PM страница, urlcode = authorization
2020-1-29 12:33:38 PM web server running on port 7480
2020-1-29 12:33:44 PM web server running on port 7480
2020-1-29 12:33:46 PM web server running on port 7480
2020-1-29 12:33:48 PM страница, urlcode = authorization
2020-1-29 12:33:52 PM страница, urlcode = check-authorization
2020-1-29 12:34:02 PM web server running on port 7480
2020-1-29 12:34:34 PM web server running on port 7480
2020-1-29 12:34:36 PM страница, urlcode = authorization
2020-1-29 12:34:40 PM страница, urlcode = check-authorization
2020-1-29 12:34:50 PM web server running on port 7480
2020-1-29 12:34:51 PM страница, urlcode = authorization
2020-1-29 12:34:56 PM страница, urlcode = check-authorization
2020-1-29 12:34:56 PM страница, urlcode = main-page
2020-1-29 12:35:21 PM страница, urlcode = authorization
2020-1-29 12:38:08 PM web server running on port 7480
2020-1-29 12:38:10 PM web server running on port 7480
2020-1-29 12:38:24 PM web server running on port 7480
2020-1-29 12:38:26 PM страница, urlcode = authorization
2020-1-29 12:38:28 PM страница, urlcode = authorization
2020-1-29 12:38:41 PM страница, urlcode = check-authorization
2020-1-29 12:38:41 PM страница, urlcode = main-page
2020-1-29 12:38:57 PM web server running on port 7480
2020-1-29 12:41:11 PM страница, urlcode = main-page
2020-1-29 12:41:14 PM страница, urlcode = authorization
2020-1-29 12:41:22 PM страница, urlcode = check-authorization
2020-1-29 12:41:22 PM страница, urlcode = main-page
2020-1-29 12:41:44 PM web server running on port 7480
2020-1-29 12:41:47 PM страница, urlcode = main-page
2020-1-29 12:41:48 PM страница, urlcode = authorization
2020-1-29 12:41:53 PM страница, urlcode = check-authorization
2020-1-29 12:41:53 PM страница, urlcode = main-page
2020-1-29 12:42:19 PM web server running on port 7480
2020-1-29 12:42:22 PM страница, urlcode = authorization
2020-1-29 12:42:28 PM страница, urlcode = check-authorization
2020-1-29 12:45:03 PM web server running on port 7480
2020-1-29 12:45:06 PM страница, urlcode = authorization
2020-1-29 12:45:12 PM web server running on port 7480
2020-1-29 12:45:14 PM страница, urlcode = authorization
2020-1-29 12:45:31 PM страница, urlcode = main-page
2020-1-29 12:45:35 PM страница, urlcode = authorization
2020-1-29 12:46:23 PM web server running on port 7480
2020-1-29 12:46:27 PM web server running on port 7480
2020-1-29 12:46:31 PM страница, urlcode = authorization
2020-1-29 12:46:32 PM страница, urlcode = authorization
2020-1-29 12:46:33 PM страница, urlcode = authorization
2020-1-29 12:46:42 PM страница, urlcode = authorization
2020-1-29 12:46:47 PM страница, urlcode = authorization
2020-1-29 12:48:32 PM страница, urlcode = authorization
2020-1-29 12:48:34 PM страница, urlcode = authorization
2020-1-29 12:49:06 PM web server running on port 7480
2020-1-29 12:49:25 PM страница, urlcode = authorization
2020-1-29 12:49:49 PM web server running on port 7480
2020-1-29 12:49:50 PM страница, urlcode = authorization
2020-1-29 12:49:56 PM страница, urlcode = check-authorization
2020-1-29 12:56:59 PM web server running on port 7480
2020-1-29 12:57:23 PM страница, urlcode = authorization
2020-1-29 12:57:28 PM страница, urlcode = check-authorization
2020-1-29 12:57:28 PM страница, urlcode = main-page
2020-1-29 12:58:44 PM web server running on port 7480
2020-1-29 12:58:47 PM страница, urlcode = authorization
2020-1-29 12:58:51 PM страница, urlcode = check-authorization
2020-1-29 12:58:51 PM страница, urlcode = main-page
2020-1-29 12:59:07 PM web server running on port 7480
2020-1-29 12:59:42 PM web server running on port 7480
2020-1-29 12:59:44 PM страница, urlcode = authorization
2020-1-29 12:59:48 PM страница, urlcode = check-authorization
2020-1-29 1:00:31 PM web server running on port 7480
2020-1-29 1:00:35 PM страница, urlcode = authorization
2020-1-29 1:00:39 PM страница, urlcode = check-authorization
2020-1-29 1:00:39 PM страница, urlcode = authorization
2020-1-29 1:02:24 PM web server running on port 7480
2020-1-29 1:02:29 PM страница, urlcode = authorization
2020-1-29 1:02:39 PM страница, urlcode = check-authorization
2020-1-29 1:02:49 PM web server running on port 7480
2020-1-29 1:02:51 PM страница, urlcode = authorization
2020-1-29 1:02:55 PM страница, urlcode = check-authorization
2020-1-29 1:02:55 PM страница, urlcode = main-page
2020-1-29 1:03:15 PM страница, urlcode = main-page
2020-1-29 1:03:16 PM страница, urlcode = main-page
2020-1-29 1:11:29 PM web server running on port 7480
2020-1-29 1:11:33 PM web server running on port 7480
2020-1-29 1:12:17 PM web server running on port 7480
2020-1-29 1:12:20 PM web server running on port 7480
2020-1-29 1:12:35 PM страница, urlcode = authorization
2020-1-29 1:12:37 PM страница, urlcode = authorization
2020-1-29 1:12:42 PM страница, urlcode = check-authorization
2020-1-29 1:13:07 PM web server running on port 7480
2020-1-29 1:13:11 PM страница, urlcode = authorization
2020-1-29 1:13:15 PM страница, urlcode = check-authorization
2020-1-29 1:14:51 PM web server running on port 7480
2020-1-29 1:14:53 PM страница, urlcode = authorization
2020-1-29 1:14:57 PM страница, urlcode = check-authorization
2020-1-29 1:16:38 PM web server running on port 7480
2020-1-29 1:16:44 PM web server running on port 7480
2020-1-29 1:16:52 PM страница, urlcode = authorization
2020-1-29 1:16:54 PM страница, urlcode = authorization
2020-1-29 1:16:59 PM страница, urlcode = check-authorization
2020-1-29 1:17:18 PM web server running on port 7480
2020-1-29 1:17:18 PM страница, urlcode = main-page
2020-1-29 1:17:20 PM страница, urlcode = authorization
2020-1-29 1:17:25 PM страница, urlcode = check-authorization
2020-1-29 1:17:25 PM страница, urlcode = main-page
2020-1-29 1:21:32 PM web server running on port 7480
2020-1-29 1:21:39 PM web server running on port 7480
2020-1-29 1:22:06 PM web server running on port 7480
2020-1-29 1:23:45 PM web server running on port 7480
2020-1-29 1:24:00 PM страница, urlcode = authorization
2020-1-29 1:25:25 PM web server running on port 7480
2020-1-29 1:25:34 PM страница, urlcode = authorization
2020-1-29 1:25:36 PM страница, urlcode = authorization
2020-1-29 1:25:37 PM страница, urlcode = authorization
2020-1-29 1:25:51 PM web server running on port 7480
2020-1-29 1:25:56 PM страница, urlcode = authorization
2020-1-29 1:26:01 PM страница, urlcode = check-authorization
2020-1-29 1:26:01 PM страница, urlcode = main-page
2020-1-29 1:26:39 PM web server running on port 7480
2020-1-29 1:26:49 PM web server running on port 7480
2020-1-29 1:27:07 PM страница, urlcode = main-page
2020-1-29 1:27:08 PM страница, urlcode = main-page
2020-1-29 1:27:25 PM страница, urlcode = main-page
2020-1-29 1:27:27 PM страница, urlcode = authorization
2020-1-29 1:28:18 PM web server running on port 7480
2020-1-29 1:29:57 PM web server running on port 7480
2020-1-29 1:30:03 PM страница, urlcode = authorization
2020-1-29 1:30:07 PM страница, urlcode = check-authorization
2020-1-29 1:30:07 PM страница, urlcode = main-page
2020-1-29 1:30:31 PM web server running on port 7480
2020-1-29 1:30:32 PM страница, urlcode = main-page
2020-1-29 1:32:13 PM web server running on port 7480
2020-1-29 1:32:20 PM web server running on port 7480
2020-1-29 1:33:11 PM web server running on port 7480
2020-1-29 1:33:43 PM страница, urlcode = main-page
